2025-11-05 13:07:48.254 [info] Reading sessions from keychain...
2025-11-05 13:07:48.254 [info] Getting sessions for all scopes...
2025-11-05 13:07:48.254 [info] Got 0 sessions for ...
2025-11-05 13:07:48.254 [info] Getting sessions for all scopes...
2025-11-05 13:07:48.254 [info] Got 0 sessions for ...
2025-11-05 13:07:48.254 [info] Getting sessions for all scopes...
2025-11-05 13:07:48.254 [info] Got 0 sessions for ...
2025-11-05 13:07:48.254 [info] Getting sessions for all scopes...
2025-11-05 13:07:48.254 [info] Got 0 sessions for ...
2025-11-05 13:07:48.254 [info] Getting sessions for all scopes...
2025-11-05 13:07:48.254 [info] Got 0 sessions for ...
2025-11-05 13:07:48.254 [info] Getting sessions for read:user,repo,user:email,workflow...
2025-11-05 13:07:48.254 [info] Got 0 sessions for read:user,repo,user:email,workflow...
2025-11-05 13:09:33.765 [info] Getting sessions for read:user,repo,user:email,workflow...
2025-11-05 13:09:33.765 [info] Got 0 sessions for read:user,repo,user:email,workflow...
2025-11-05 13:09:37.732 [info] Logging in with 'any' account...
2025-11-05 13:09:37.732 [info] Logging in for the following scopes: read:user repo user:email workflow
2025-11-05 13:09:37.742 [info] Trying device code flow... (read:user repo user:email workflow)
2025-11-05 13:10:42.326 [info] Getting user info...
2025-11-05 13:10:42.767 [info] Got account info!
2025-11-05 13:10:42.767 [info] Storing 1 sessions...
2025-11-05 13:11:07.886 [info] Reading sessions from keychain...
2025-11-05 13:11:07.886 [info] Stored 1 sessions!
2025-11-05 13:11:07.886 [info] Login success!
2025-11-05 13:11:07.888 [info] Got stored sessions!
2025-11-05 13:11:07.888 [info] Got 1 verified sessions.
2025-11-05 13:11:07.895 [info] Getting sessions for read:user,repo,user:email,workflow...
2025-11-05 13:11:07.895 [info] Got 1 sessions for read:user,repo,user:email,workflow...
